<?xml version="1.0" encoding="UTF-8"?><testsuite errors="0" failures="0" name="com.localhost.playgroundInfo.CategoriesCRUDTest" skipped="0" tests="4" time="3.77" timestamp="2022-06-07T16:02:06.182+02:00[Europe/Paris]"><testcase classname="com.localhost.playgroundInfo.CategoriesCRUDTest" name="This will create a New Category"/><testcase classname="com.localhost.playgroundInfo.CategoriesCRUDTest" name="Verify if the Category was added to the application"/><testcase classname="com.localhost.playgroundInfo.CategoriesCRUDTest" name="Update the Category information"/><testcase classname="com.localhost.playgroundInfo.CategoriesCRUDTest" name="Delete the Category by ID"/></testsuite>