<?xml version="1.0" encoding="UTF-8"?><testsuite errors="0" failures="0" name="com.localhost.playgroundInfo.StoresCRUDTest" skipped="0" tests="4" time="0.14" timestamp="2022-06-05T03:28:44.834+02:00[Europe/Paris]"><testcase classname="com.localhost.playgroundInfo.StoresCRUDTest" name="This will create a New Store"/><testcase classname="com.localhost.playgroundInfo.StoresCRUDTest" name="Verify if the Product was added to the application"/><testcase classname="com.localhost.playgroundInfo.StoresCRUDTest" name="Update the product information"/><testcase classname="com.localhost.playgroundInfo.StoresCRUDTest" name="Delete the product by ID"/></testsuite>