<?xml version="1.0" encoding="UTF-8"?><testsuite errors="0" failures="0" name="com.localhost.playgroundInfo.ProductsCRUDTest" skipped="0" tests="4" time="0.19" timestamp="2022-06-05T03:28:44.377+02:00[Europe/Paris]"><testcase classname="com.localhost.playgroundInfo.ProductsCRUDTest" name="This will create a New product"/><testcase classname="com.localhost.playgroundInfo.ProductsCRUDTest" name="Verify if the Product was added to the application"/><testcase classname="com.localhost.playgroundInfo.ProductsCRUDTest" name="Update the product information"/><testcase classname="com.localhost.playgroundInfo.ProductsCRUDTest" name="Delete the product by ID"/></testsuite>