<?xml version="1.0" encoding="UTF-8"?><testsuite errors="0" failures="0" name="com.localhost.playgroundInfo.ServicesCRUDTest" skipped="0" tests="4" time="0.16" timestamp="2022-06-07T16:02:11.418+02:00[Europe/Paris]"><testcase classname="com.localhost.playgroundInfo.ServicesCRUDTest" name="This will create a New Service"/><testcase classname="com.localhost.playgroundInfo.ServicesCRUDTest" name="Verify if the Services was added to the application"/><testcase classname="com.localhost.playgroundInfo.ServicesCRUDTest" name="Update the Services information"/><testcase classname="com.localhost.playgroundInfo.ServicesCRUDTest" name="Delete the Services by ID"/></testsuite>